        FAIL [   0.003s] agave-xdp route::tests::test_router
  stdout ───

    running 1 test
    test route::tests::test_router ... FAILED

    failures:

    failures:
        route::tests::test_router

    test result: FAILED. 0 passed; 1 failed; 0 ignored; 0 measured; 6 filtered out; finished in 0.00s
    
  stderr ───

    thread 'route::tests::test_router' panicked at xdp/src/route.rs:249:65:
    called `Result::unwrap()` on an `Err` value: NoRouteFound(1.1.1.1)
    note: run with `RUST_BACKTRACE=1` environment variable to display a backtrace

  Cancelling due to test failure
────────────
     Summary [   9.993s] 543/4583 tests run: 542 passed, 1 failed, 39 skipped
        FAIL [   0.003s] agave-xdp route::tests::test_router